[2025-07-06 15:31:19Z INFO HostContext] No proxy settings were found based on environmental variables (http_proxy/https_proxy/HTTP_PROXY/HTTPS_PROXY)
[2025-07-06 15:31:19Z INFO HostContext] Well known directory 'Bin': '/Users/vikasthakur/Documents/sql-server-pipeline/actions-runner/bin'
[2025-07-06 15:31:19Z INFO HostContext] Well known directory 'Root': '/Users/vikasthakur/Documents/sql-server-pipeline/actions-runner'
[2025-07-06 15:31:19Z INFO HostContext] Well known config file 'Credentials': '/Users/vikasthakur/Documents/sql-server-pipeline/actions-runner/.credentials'
[2025-07-06 15:31:19Z INFO HostContext] Well known directory 'Bin': '/Users/vikasthakur/Documents/sql-server-pipeline/actions-runner/bin'
[2025-07-06 15:31:19Z INFO HostContext] Well known directory 'Root': '/Users/vikasthakur/Documents/sql-server-pipeline/actions-runner'
[2025-07-06 15:31:19Z INFO HostContext] Well known config file 'Runner': '/Users/vikasthakur/Documents/sql-server-pipeline/actions-runner/.runner'
[2025-07-06 15:31:19Z INFO Listener] Runner is built for OSX (Arm64) - osx-arm64.
[2025-07-06 15:31:19Z INFO Listener] RuntimeInformation: Darwin 24.5.0 Darwin Kernel Version 24.5.0: Tue Apr 22 19:54:33 PDT 2025; root:xnu-11417.121.6~2/RELEASE_ARM64_T8122.
[2025-07-06 15:31:19Z INFO Listener] Version: 2.325.0
[2025-07-06 15:31:19Z INFO Listener] Commit: 71ed7cd46223bd5d61633445946813012b502d54
[2025-07-06 15:31:19Z INFO Listener] Culture: en-IN
[2025-07-06 15:31:19Z INFO Listener] UI Culture: en-IN
[2025-07-06 15:31:19Z INFO HostContext] Well known directory 'Bin': '/Users/vikasthakur/Documents/sql-server-pipeline/actions-runner/bin'
[2025-07-06 15:31:19Z INFO HostContext] Well known directory 'Root': '/Users/vikasthakur/Documents/sql-server-pipeline/actions-runner'
[2025-07-06 15:31:19Z INFO Listener] Validating directory permissions for: '/Users/vikasthakur/Documents/sql-server-pipeline/actions-runner'
[2025-07-06 15:31:19Z INFO CommandLineParser] Parse
[2025-07-06 15:31:19Z INFO CommandLineParser] Parsing 1 args
[2025-07-06 15:31:19Z INFO CommandLineParser] parsing argument
[2025-07-06 15:31:19Z INFO CommandLineParser] HasArgs: False
[2025-07-06 15:31:19Z INFO CommandLineParser] Adding Command: run
[2025-07-06 15:31:19Z INFO Listener] Arguments parsed
[2025-07-06 15:31:19Z INFO Runner] ExecuteCommand
[2025-07-06 15:31:19Z INFO ConfigurationStore] currentAssemblyLocation: /Users/vikasthakur/Documents/sql-server-pipeline/actions-runner/bin/Runner.Listener.dll
[2025-07-06 15:31:19Z INFO HostContext] Well known directory 'Bin': '/Users/vikasthakur/Documents/sql-server-pipeline/actions-runner/bin'
[2025-07-06 15:31:19Z INFO ConfigurationStore] binPath: /Users/vikasthakur/Documents/sql-server-pipeline/actions-runner/bin
[2025-07-06 15:31:19Z INFO HostContext] Well known directory 'Bin': '/Users/vikasthakur/Documents/sql-server-pipeline/actions-runner/bin'
[2025-07-06 15:31:19Z INFO HostContext] Well known directory 'Root': '/Users/vikasthakur/Documents/sql-server-pipeline/actions-runner'
[2025-07-06 15:31:19Z INFO ConfigurationStore] RootFolder: /Users/vikasthakur/Documents/sql-server-pipeline/actions-runner
[2025-07-06 15:31:19Z INFO HostContext] Well known directory 'Bin': '/Users/vikasthakur/Documents/sql-server-pipeline/actions-runner/bin'
[2025-07-06 15:31:19Z INFO HostContext] Well known directory 'Root': '/Users/vikasthakur/Documents/sql-server-pipeline/actions-runner'
[2025-07-06 15:31:19Z INFO HostContext] Well known config file 'Runner': '/Users/vikasthakur/Documents/sql-server-pipeline/actions-runner/.runner'
[2025-07-06 15:31:19Z INFO ConfigurationStore] ConfigFilePath: /Users/vikasthakur/Documents/sql-server-pipeline/actions-runner/.runner
[2025-07-06 15:31:19Z INFO HostContext] Well known directory 'Bin': '/Users/vikasthakur/Documents/sql-server-pipeline/actions-runner/bin'
[2025-07-06 15:31:19Z INFO HostContext] Well known directory 'Root': '/Users/vikasthakur/Documents/sql-server-pipeline/actions-runner'
[2025-07-06 15:31:19Z INFO HostContext] Well known config file 'MigratedRunner': '/Users/vikasthakur/Documents/sql-server-pipeline/actions-runner/.runner_migrated'
[2025-07-06 15:31:19Z INFO ConfigurationStore] MigratedConfigFilePath: /Users/vikasthakur/Documents/sql-server-pipeline/actions-runner/.runner_migrated
[2025-07-06 15:31:19Z INFO HostContext] Well known directory 'Bin': '/Users/vikasthakur/Documents/sql-server-pipeline/actions-runner/bin'
[2025-07-06 15:31:19Z INFO HostContext] Well known directory 'Root': '/Users/vikasthakur/Documents/sql-server-pipeline/actions-runner'
[2025-07-06 15:31:19Z INFO HostContext] Well known config file 'Credentials': '/Users/vikasthakur/Documents/sql-server-pipeline/actions-runner/.credentials'
[2025-07-06 15:31:19Z INFO ConfigurationStore] CredFilePath: /Users/vikasthakur/Documents/sql-server-pipeline/actions-runner/.credentials
[2025-07-06 15:31:19Z INFO HostContext] Well known directory 'Bin': '/Users/vikasthakur/Documents/sql-server-pipeline/actions-runner/bin'
[2025-07-06 15:31:19Z INFO HostContext] Well known directory 'Root': '/Users/vikasthakur/Documents/sql-server-pipeline/actions-runner'
[2025-07-06 15:31:19Z INFO HostContext] Well known config file 'MigratedCredentials': '/Users/vikasthakur/Documents/sql-server-pipeline/actions-runner/.credentials_migrated'
[2025-07-06 15:31:19Z INFO ConfigurationStore] MigratedCredFilePath: /Users/vikasthakur/Documents/sql-server-pipeline/actions-runner/.credentials_migrated
[2025-07-06 15:31:19Z INFO HostContext] Well known directory 'Bin': '/Users/vikasthakur/Documents/sql-server-pipeline/actions-runner/bin'
[2025-07-06 15:31:19Z INFO HostContext] Well known directory 'Root': '/Users/vikasthakur/Documents/sql-server-pipeline/actions-runner'
[2025-07-06 15:31:19Z INFO HostContext] Well known config file 'Service': '/Users/vikasthakur/Documents/sql-server-pipeline/actions-runner/.service'
[2025-07-06 15:31:19Z INFO ConfigurationStore] ServiceConfigFilePath: /Users/vikasthakur/Documents/sql-server-pipeline/actions-runner/.service
[2025-07-06 15:31:19Z INFO CommandSettings] Flag 'help': 'False'
[2025-07-06 15:31:19Z INFO CommandSettings] Flag 'version': 'False'
[2025-07-06 15:31:19Z INFO CommandSettings] Flag 'commit': 'False'
[2025-07-06 15:31:19Z INFO CommandSettings] Flag 'check': 'False'
[2025-07-06 15:31:19Z INFO CommandSettings] Command 'configure': 'False'
[2025-07-06 15:31:19Z INFO CommandSettings] Command 'remove': 'False'
[2025-07-06 15:31:19Z INFO CommandSettings] Command 'warmup': 'False'
[2025-07-06 15:31:19Z INFO ConfigurationManager] LoadSettings
[2025-07-06 15:31:19Z INFO ConfigurationStore] IsConfigured()
[2025-07-06 15:31:19Z INFO ConfigurationStore] IsConfigured: True
[2025-07-06 15:31:19Z INFO ConfigurationManager] Is configured: True
[2025-07-06 15:31:19Z INFO ConfigurationStore] Read setting file: 400 chars
[2025-07-06 15:31:19Z INFO ConfigurationManager] Settings Loaded
[2025-07-06 15:31:19Z INFO ConfigurationStore] IsServiceConfigured()
[2025-07-06 15:31:19Z INFO ConfigurationStore] IsServiceConfigured: False
[2025-07-06 15:31:19Z INFO CommandSettings] Command 'run': 'True'
[2025-07-06 15:31:19Z INFO ConfigurationStore] IsConfigured()
[2025-07-06 15:31:19Z INFO ConfigurationStore] IsConfigured: True
[2025-07-06 15:31:19Z INFO ConfigurationManager] Is configured: True
[2025-07-06 15:31:19Z INFO Runner] Could not parse the argument value '' for StartupType. Defaulting to Manual
[2025-07-06 15:31:19Z INFO Runner] Set runner startup type - Manual
[2025-07-06 15:31:19Z INFO CommandSettings] Flag 'once': 'False'
[2025-07-06 15:31:19Z INFO CommandSettings] Flag 'once': 'False'
[2025-07-06 15:31:19Z INFO Runner] RunAsync
[2025-07-06 15:31:19Z INFO ConfigurationManager] LoadMigratedSettings
[2025-07-06 15:31:19Z INFO ConfigurationStore] IsMigratedConfigured()
[2025-07-06 15:31:19Z INFO ConfigurationStore] IsMigratedConfigured: False
[2025-07-06 15:31:19Z INFO Runner] Failed to load migrated settings: No migrated configuration found.
[2025-07-06 15:31:19Z INFO Runner] Falling back to original .runner settings
[2025-07-06 15:31:19Z INFO Runner] Using BrokerMessageListener
[2025-07-06 15:31:19Z INFO BrokerMessageListener] Using provided settings
[2025-07-06 15:31:19Z INFO BrokerMessageListener] {
  "AgentId": 2,
  "AgentName": "Vikass-MacBook-Air",
  "PoolId": 1,
  "PoolName": "Default",
  "ServerUrl": "https://pipelinesghubeus12.actions.githubusercontent.com/cF8T7qR84vo1XUTfL6k2XBu4zQ2nFoR5oZoRqRk4Po9hSMTnpT/",
  "GitHubUrl": "https://github.com/vcthakur/sql-server-pipeline",
  "WorkFolder": "_work",
  "UseV2Flow": true,
  "ServerUrlV2": "https://broker.actions.githubusercontent.com/"
}
[2025-07-06 15:31:19Z INFO BrokerMessageListener] Loading Credentials
[2025-07-06 15:31:19Z INFO ConfigurationStore] HasCredentials()
[2025-07-06 15:31:19Z INFO ConfigurationStore] stored True
[2025-07-06 15:31:19Z INFO CredentialManager] GetCredentialProvider
[2025-07-06 15:31:19Z INFO CredentialManager] Creating type OAuth
[2025-07-06 15:31:19Z INFO CredentialManager] Creating credential type: OAuth
[2025-07-06 15:31:19Z INFO HostContext] Well known directory 'Bin': '/Users/vikasthakur/Documents/sql-server-pipeline/actions-runner/bin'
[2025-07-06 15:31:19Z INFO HostContext] Well known directory 'Root': '/Users/vikasthakur/Documents/sql-server-pipeline/actions-runner'
[2025-07-06 15:31:19Z INFO HostContext] Well known config file 'RSACredentials': '/Users/vikasthakur/Documents/sql-server-pipeline/actions-runner/.credentials_rsaparams'
[2025-07-06 15:31:19Z INFO RSAFileKeyManager] Loading RSA key parameters from file /Users/vikasthakur/Documents/sql-server-pipeline/actions-runner/.credentials_rsaparams
[2025-07-06 15:31:19Z INFO BrokerMessageListener] Attempt to create session.
[2025-07-06 15:31:19Z INFO BrokerMessageListener] Connecting to the Broker Server...
[2025-07-06 15:31:19Z INFO ConfigurationStore] HasCredentials()
[2025-07-06 15:31:19Z INFO ConfigurationStore] stored True
[2025-07-06 15:31:19Z INFO CredentialManager] GetCredentialProvider
[2025-07-06 15:31:19Z INFO CredentialManager] Creating type OAuth
[2025-07-06 15:31:19Z INFO CredentialManager] Creating credential type: OAuth
[2025-07-06 15:31:19Z INFO RSAFileKeyManager] Loading RSA key parameters from file /Users/vikasthakur/Documents/sql-server-pipeline/actions-runner/.credentials_rsaparams
[2025-07-06 15:31:19Z INFO BrokerMessageListener] VssConnection created
[2025-07-06 15:31:19Z INFO BrokerMessageListener] Connecting to the Runner server...
[2025-07-06 15:31:19Z INFO RunnerServer] EstablishVssConnection
[2025-07-06 15:31:19Z INFO RunnerServer] Establish connection with 100 seconds timeout.
[2025-07-06 15:31:19Z INFO GitHubActionsService] Starting operation Location.GetConnectionData
[2025-07-06 15:31:19Z INFO RunnerServer] EstablishVssConnection
[2025-07-06 15:31:19Z INFO RunnerServer] Establish connection with 60 seconds timeout.
[2025-07-06 15:31:19Z INFO GitHubActionsService] Starting operation Location.GetConnectionData
[2025-07-06 15:31:19Z INFO RunnerServer] EstablishVssConnection
[2025-07-06 15:31:19Z INFO RunnerServer] Establish connection with 60 seconds timeout.
[2025-07-06 15:31:19Z INFO GitHubActionsService] Starting operation Location.GetConnectionData
[2025-07-06 15:31:20Z INFO GitHubActionsService] Finished operation Location.GetConnectionData
[2025-07-06 15:31:20Z INFO GitHubActionsService] Finished operation Location.GetConnectionData
[2025-07-06 15:31:20Z INFO GitHubActionsService] Finished operation Location.GetConnectionData
[2025-07-06 15:31:20Z INFO BrokerMessageListener] VssConnection created
[2025-07-06 15:31:20Z INFO Terminal] WRITE LINE: 
[2025-07-06 15:31:20Z INFO Terminal] WRITE LINE: 
[2025-07-06 15:31:20Z INFO RSAFileKeyManager] Loading RSA key parameters from file /Users/vikasthakur/Documents/sql-server-pipeline/actions-runner/.credentials_rsaparams
[2025-07-06 15:31:20Z INFO RSAFileKeyManager] Loading RSA key parameters from file /Users/vikasthakur/Documents/sql-server-pipeline/actions-runner/.credentials_rsaparams
[2025-07-06 15:31:21Z INFO GitHubActionsService] AAD Correlation ID for this token request: Unknown
[2025-07-06 15:31:22Z INFO BrokerMessageListener] Session created.
[2025-07-06 15:31:22Z INFO Terminal] WRITE LINE: Current runner version: '2.325.0'
[2025-07-06 15:31:22Z INFO Terminal] WRITE LINE: 2025-07-06 15:31:22Z: Listening for Jobs
[2025-07-06 15:31:22Z INFO JobDispatcher] Set runner/worker IPC timeout to 30 seconds.
