[2025-07-06 15:08:48Z INFO HostContext] No proxy settings were found based on environmental variables (http_proxy/https_proxy/HTTP_PROXY/HTTPS_PROXY)
[2025-07-06 15:08:48Z INFO HostContext] Well known directory 'Bin': '/Users/vikasthakur/Documents/sql-server-pipeline/actions-runner/bin'
[2025-07-06 15:08:48Z INFO HostContext] Well known directory 'Root': '/Users/vikasthakur/Documents/sql-server-pipeline/actions-runner'
[2025-07-06 15:08:48Z INFO HostContext] Well known config file 'Credentials': '/Users/vikasthakur/Documents/sql-server-pipeline/actions-runner/.credentials'
[2025-07-06 15:08:48Z INFO HostContext] Well known directory 'Bin': '/Users/vikasthakur/Documents/sql-server-pipeline/actions-runner/bin'
[2025-07-06 15:08:48Z INFO HostContext] Well known directory 'Root': '/Users/vikasthakur/Documents/sql-server-pipeline/actions-runner'
[2025-07-06 15:08:48Z INFO HostContext] Well known config file 'Runner': '/Users/vikasthakur/Documents/sql-server-pipeline/actions-runner/.runner'
[2025-07-06 15:08:48Z INFO Listener] Runner is built for OSX (Arm64) - osx-arm64.
[2025-07-06 15:08:48Z INFO Listener] RuntimeInformation: Darwin 24.5.0 Darwin Kernel Version 24.5.0: Tue Apr 22 19:54:33 PDT 2025; root:xnu-11417.121.6~2/RELEASE_ARM64_T8122.
[2025-07-06 15:08:48Z INFO Listener] Version: 2.325.0
[2025-07-06 15:08:48Z INFO Listener] Commit: 71ed7cd46223bd5d61633445946813012b502d54
[2025-07-06 15:08:48Z INFO Listener] Culture: en-IN
[2025-07-06 15:08:48Z INFO Listener] UI Culture: en-IN
[2025-07-06 15:08:48Z INFO HostContext] Well known directory 'Bin': '/Users/vikasthakur/Documents/sql-server-pipeline/actions-runner/bin'
[2025-07-06 15:08:48Z INFO HostContext] Well known directory 'Root': '/Users/vikasthakur/Documents/sql-server-pipeline/actions-runner'
[2025-07-06 15:08:48Z INFO Listener] Validating directory permissions for: '/Users/vikasthakur/Documents/sql-server-pipeline/actions-runner'
[2025-07-06 15:08:48Z INFO CommandLineParser] Parse
[2025-07-06 15:08:48Z INFO CommandLineParser] Parsing 1 args
[2025-07-06 15:08:48Z INFO CommandLineParser] parsing argument
[2025-07-06 15:08:48Z INFO CommandLineParser] HasArgs: False
[2025-07-06 15:08:48Z INFO CommandLineParser] Adding Command: run
[2025-07-06 15:08:48Z INFO Listener] Arguments parsed
[2025-07-06 15:08:48Z INFO Runner] ExecuteCommand
[2025-07-06 15:08:48Z INFO ConfigurationStore] currentAssemblyLocation: /Users/vikasthakur/Documents/sql-server-pipeline/actions-runner/bin/Runner.Listener.dll
[2025-07-06 15:08:48Z INFO HostContext] Well known directory 'Bin': '/Users/vikasthakur/Documents/sql-server-pipeline/actions-runner/bin'
[2025-07-06 15:08:48Z INFO ConfigurationStore] binPath: /Users/vikasthakur/Documents/sql-server-pipeline/actions-runner/bin
[2025-07-06 15:08:48Z INFO HostContext] Well known directory 'Bin': '/Users/vikasthakur/Documents/sql-server-pipeline/actions-runner/bin'
[2025-07-06 15:08:48Z INFO HostContext] Well known directory 'Root': '/Users/vikasthakur/Documents/sql-server-pipeline/actions-runner'
[2025-07-06 15:08:48Z INFO ConfigurationStore] RootFolder: /Users/vikasthakur/Documents/sql-server-pipeline/actions-runner
[2025-07-06 15:08:48Z INFO HostContext] Well known directory 'Bin': '/Users/vikasthakur/Documents/sql-server-pipeline/actions-runner/bin'
[2025-07-06 15:08:48Z INFO HostContext] Well known directory 'Root': '/Users/vikasthakur/Documents/sql-server-pipeline/actions-runner'
[2025-07-06 15:08:48Z INFO HostContext] Well known config file 'Runner': '/Users/vikasthakur/Documents/sql-server-pipeline/actions-runner/.runner'
[2025-07-06 15:08:48Z INFO ConfigurationStore] ConfigFilePath: /Users/vikasthakur/Documents/sql-server-pipeline/actions-runner/.runner
[2025-07-06 15:08:48Z INFO HostContext] Well known directory 'Bin': '/Users/vikasthakur/Documents/sql-server-pipeline/actions-runner/bin'
[2025-07-06 15:08:48Z INFO HostContext] Well known directory 'Root': '/Users/vikasthakur/Documents/sql-server-pipeline/actions-runner'
[2025-07-06 15:08:48Z INFO HostContext] Well known config file 'MigratedRunner': '/Users/vikasthakur/Documents/sql-server-pipeline/actions-runner/.runner_migrated'
[2025-07-06 15:08:48Z INFO ConfigurationStore] MigratedConfigFilePath: /Users/vikasthakur/Documents/sql-server-pipeline/actions-runner/.runner_migrated
[2025-07-06 15:08:48Z INFO HostContext] Well known directory 'Bin': '/Users/vikasthakur/Documents/sql-server-pipeline/actions-runner/bin'
[2025-07-06 15:08:48Z INFO HostContext] Well known directory 'Root': '/Users/vikasthakur/Documents/sql-server-pipeline/actions-runner'
[2025-07-06 15:08:48Z INFO HostContext] Well known config file 'Credentials': '/Users/vikasthakur/Documents/sql-server-pipeline/actions-runner/.credentials'
[2025-07-06 15:08:48Z INFO ConfigurationStore] CredFilePath: /Users/vikasthakur/Documents/sql-server-pipeline/actions-runner/.credentials
[2025-07-06 15:08:48Z INFO HostContext] Well known directory 'Bin': '/Users/vikasthakur/Documents/sql-server-pipeline/actions-runner/bin'
[2025-07-06 15:08:48Z INFO HostContext] Well known directory 'Root': '/Users/vikasthakur/Documents/sql-server-pipeline/actions-runner'
[2025-07-06 15:08:48Z INFO HostContext] Well known config file 'MigratedCredentials': '/Users/vikasthakur/Documents/sql-server-pipeline/actions-runner/.credentials_migrated'
[2025-07-06 15:08:48Z INFO ConfigurationStore] MigratedCredFilePath: /Users/vikasthakur/Documents/sql-server-pipeline/actions-runner/.credentials_migrated
[2025-07-06 15:08:48Z INFO HostContext] Well known directory 'Bin': '/Users/vikasthakur/Documents/sql-server-pipeline/actions-runner/bin'
[2025-07-06 15:08:48Z INFO HostContext] Well known directory 'Root': '/Users/vikasthakur/Documents/sql-server-pipeline/actions-runner'
[2025-07-06 15:08:48Z INFO HostContext] Well known config file 'Service': '/Users/vikasthakur/Documents/sql-server-pipeline/actions-runner/.service'
[2025-07-06 15:08:48Z INFO ConfigurationStore] ServiceConfigFilePath: /Users/vikasthakur/Documents/sql-server-pipeline/actions-runner/.service
[2025-07-06 15:08:48Z INFO CommandSettings] Flag 'help': 'False'
[2025-07-06 15:08:48Z INFO CommandSettings] Flag 'version': 'False'
[2025-07-06 15:08:48Z INFO CommandSettings] Flag 'commit': 'False'
[2025-07-06 15:08:48Z INFO CommandSettings] Flag 'check': 'False'
[2025-07-06 15:08:48Z INFO CommandSettings] Command 'configure': 'False'
[2025-07-06 15:08:48Z INFO CommandSettings] Command 'remove': 'False'
[2025-07-06 15:08:48Z INFO CommandSettings] Command 'warmup': 'False'
[2025-07-06 15:08:48Z INFO ConfigurationManager] LoadSettings
[2025-07-06 15:08:48Z INFO ConfigurationStore] IsConfigured()
[2025-07-06 15:08:48Z INFO ConfigurationStore] IsConfigured: True
[2025-07-06 15:08:48Z INFO ConfigurationManager] Is configured: True
[2025-07-06 15:08:48Z INFO ConfigurationStore] Read setting file: 400 chars
[2025-07-06 15:08:48Z INFO ConfigurationManager] Settings Loaded
[2025-07-06 15:08:48Z INFO ConfigurationStore] IsServiceConfigured()
[2025-07-06 15:08:48Z INFO ConfigurationStore] IsServiceConfigured: False
[2025-07-06 15:08:48Z INFO CommandSettings] Command 'run': 'True'
[2025-07-06 15:08:48Z INFO ConfigurationStore] IsConfigured()
[2025-07-06 15:08:48Z INFO ConfigurationStore] IsConfigured: True
[2025-07-06 15:08:48Z INFO ConfigurationManager] Is configured: True
[2025-07-06 15:08:48Z INFO Runner] Could not parse the argument value '' for StartupType. Defaulting to Manual
[2025-07-06 15:08:48Z INFO Runner] Set runner startup type - Manual
[2025-07-06 15:08:48Z INFO CommandSettings] Flag 'once': 'False'
[2025-07-06 15:08:48Z INFO CommandSettings] Flag 'once': 'False'
[2025-07-06 15:08:48Z INFO Runner] RunAsync
[2025-07-06 15:08:48Z INFO ConfigurationManager] LoadMigratedSettings
[2025-07-06 15:08:48Z INFO ConfigurationStore] IsMigratedConfigured()
[2025-07-06 15:08:48Z INFO ConfigurationStore] IsMigratedConfigured: False
[2025-07-06 15:08:48Z INFO Runner] Failed to load migrated settings: No migrated configuration found.
[2025-07-06 15:08:48Z INFO Runner] Falling back to original .runner settings
[2025-07-06 15:08:48Z INFO Runner] Using BrokerMessageListener
[2025-07-06 15:08:48Z INFO BrokerMessageListener] Using provided settings
[2025-07-06 15:08:48Z INFO BrokerMessageListener] {
  "AgentId": 2,
  "AgentName": "Vikass-MacBook-Air",
  "PoolId": 1,
  "PoolName": "Default",
  "ServerUrl": "https://pipelinesghubeus12.actions.githubusercontent.com/cF8T7qR84vo1XUTfL6k2XBu4zQ2nFoR5oZoRqRk4Po9hSMTnpT/",
  "GitHubUrl": "https://github.com/vcthakur/sql-server-pipeline",
  "WorkFolder": "_work",
  "UseV2Flow": true,
  "ServerUrlV2": "https://broker.actions.githubusercontent.com/"
}
[2025-07-06 15:08:48Z INFO BrokerMessageListener] Loading Credentials
[2025-07-06 15:08:48Z INFO ConfigurationStore] HasCredentials()
[2025-07-06 15:08:48Z INFO ConfigurationStore] stored True
[2025-07-06 15:08:48Z INFO CredentialManager] GetCredentialProvider
[2025-07-06 15:08:48Z INFO CredentialManager] Creating type OAuth
[2025-07-06 15:08:48Z INFO CredentialManager] Creating credential type: OAuth
[2025-07-06 15:08:48Z INFO HostContext] Well known directory 'Bin': '/Users/vikasthakur/Documents/sql-server-pipeline/actions-runner/bin'
[2025-07-06 15:08:48Z INFO HostContext] Well known directory 'Root': '/Users/vikasthakur/Documents/sql-server-pipeline/actions-runner'
[2025-07-06 15:08:48Z INFO HostContext] Well known config file 'RSACredentials': '/Users/vikasthakur/Documents/sql-server-pipeline/actions-runner/.credentials_rsaparams'
[2025-07-06 15:08:48Z INFO RSAFileKeyManager] Loading RSA key parameters from file /Users/vikasthakur/Documents/sql-server-pipeline/actions-runner/.credentials_rsaparams
[2025-07-06 15:08:48Z INFO BrokerMessageListener] Attempt to create session.
[2025-07-06 15:08:48Z INFO BrokerMessageListener] Connecting to the Broker Server...
[2025-07-06 15:08:48Z INFO ConfigurationStore] HasCredentials()
[2025-07-06 15:08:48Z INFO ConfigurationStore] stored True
[2025-07-06 15:08:48Z INFO CredentialManager] GetCredentialProvider
[2025-07-06 15:08:48Z INFO CredentialManager] Creating type OAuth
[2025-07-06 15:08:48Z INFO CredentialManager] Creating credential type: OAuth
[2025-07-06 15:08:48Z INFO RSAFileKeyManager] Loading RSA key parameters from file /Users/vikasthakur/Documents/sql-server-pipeline/actions-runner/.credentials_rsaparams
[2025-07-06 15:08:48Z INFO BrokerMessageListener] VssConnection created
[2025-07-06 15:08:48Z INFO BrokerMessageListener] Connecting to the Runner server...
[2025-07-06 15:08:48Z INFO RunnerServer] EstablishVssConnection
[2025-07-06 15:08:48Z INFO RunnerServer] Establish connection with 100 seconds timeout.
[2025-07-06 15:08:48Z INFO GitHubActionsService] Starting operation Location.GetConnectionData
[2025-07-06 15:08:48Z INFO RunnerServer] EstablishVssConnection
[2025-07-06 15:08:48Z INFO RunnerServer] Establish connection with 60 seconds timeout.
[2025-07-06 15:08:48Z INFO GitHubActionsService] Starting operation Location.GetConnectionData
[2025-07-06 15:08:48Z INFO RunnerServer] EstablishVssConnection
[2025-07-06 15:08:48Z INFO RunnerServer] Establish connection with 60 seconds timeout.
[2025-07-06 15:08:48Z INFO GitHubActionsService] Starting operation Location.GetConnectionData
[2025-07-06 15:08:49Z INFO GitHubActionsService] Finished operation Location.GetConnectionData
[2025-07-06 15:08:49Z INFO GitHubActionsService] Finished operation Location.GetConnectionData
[2025-07-06 15:08:49Z INFO GitHubActionsService] Finished operation Location.GetConnectionData
[2025-07-06 15:08:49Z INFO BrokerMessageListener] VssConnection created
[2025-07-06 15:08:49Z INFO Terminal] WRITE LINE: 
[2025-07-06 15:08:49Z INFO Terminal] WRITE LINE: 
[2025-07-06 15:08:49Z INFO RSAFileKeyManager] Loading RSA key parameters from file /Users/vikasthakur/Documents/sql-server-pipeline/actions-runner/.credentials_rsaparams
[2025-07-06 15:08:49Z INFO RSAFileKeyManager] Loading RSA key parameters from file /Users/vikasthakur/Documents/sql-server-pipeline/actions-runner/.credentials_rsaparams
[2025-07-06 15:08:50Z INFO GitHubActionsService] AAD Correlation ID for this token request: Unknown
[2025-07-06 15:08:51Z INFO BrokerMessageListener] Session created.
[2025-07-06 15:08:51Z INFO Terminal] WRITE LINE: Current runner version: '2.325.0'
[2025-07-06 15:08:51Z INFO Terminal] WRITE LINE: 2025-07-06 15:08:51Z: Listening for Jobs
[2025-07-06 15:08:51Z INFO JobDispatcher] Set runner/worker IPC timeout to 30 seconds.
[2025-07-06 15:08:52Z INFO ConfigurationStore] HasCredentials()
[2025-07-06 15:08:52Z INFO ConfigurationStore] stored True
[2025-07-06 15:08:52Z INFO CredentialManager] GetCredentialProvider
[2025-07-06 15:08:52Z INFO CredentialManager] Creating type OAuth
[2025-07-06 15:08:52Z INFO CredentialManager] Creating credential type: OAuth
[2025-07-06 15:08:52Z INFO RSAFileKeyManager] Loading RSA key parameters from file /Users/vikasthakur/Documents/sql-server-pipeline/actions-runner/.credentials_rsaparams
[2025-07-06 15:08:52Z INFO RSAFileKeyManager] Loading RSA key parameters from file /Users/vikasthakur/Documents/sql-server-pipeline/actions-runner/.credentials_rsaparams
[2025-07-06 15:08:52Z INFO RSAFileKeyManager] Loading RSA key parameters from file /Users/vikasthakur/Documents/sql-server-pipeline/actions-runner/.credentials_rsaparams
[2025-07-06 15:08:53Z INFO GitHubActionsService] AAD Correlation ID for this token request: Unknown
[2025-07-06 15:08:55Z INFO JobDispatcher] Job request 0 for plan 0263cc30-cb4b-4b71-b5c9-2ebbbcf38f8c job 64f77ea5-423b-5b98-917f-8a80f81531af received.
[2025-07-06 15:08:55Z INFO BrokerMessageListener] Received job status event. JobState: Busy
[2025-07-06 15:08:55Z INFO BrokerMessageListener] _getMessagesTokenSource is already disposed.
[2025-07-06 15:08:55Z INFO Terminal] WRITE LINE: 2025-07-06 15:08:55Z: Running job: deploy
[2025-07-06 15:08:55Z INFO JobDispatcher] Start renew job request 0 for job 64f77ea5-423b-5b98-917f-8a80f81531af.
[2025-07-06 15:08:56Z INFO JobDispatcher] Successfully renew job 64f77ea5-423b-5b98-917f-8a80f81531af, job is valid till 06/07/2025 3:18:56 PM
[2025-07-06 15:08:56Z INFO HostContext] Well known directory 'Bin': '/Users/vikasthakur/Documents/sql-server-pipeline/actions-runner/bin'
[2025-07-06 15:08:56Z INFO ProcessInvokerWrapper] Starting process:
[2025-07-06 15:08:56Z INFO ProcessInvokerWrapper]   File name: '/Users/vikasthakur/Documents/sql-server-pipeline/actions-runner/bin/Runner.Worker'
[2025-07-06 15:08:56Z INFO ProcessInvokerWrapper]   Arguments: 'spawnclient 151 154'
[2025-07-06 15:08:56Z INFO ProcessInvokerWrapper]   Working directory: '/Users/vikasthakur/Documents/sql-server-pipeline/actions-runner/bin'
[2025-07-06 15:08:56Z INFO ProcessInvokerWrapper]   Require exit code zero: 'False'
[2025-07-06 15:08:56Z INFO ProcessInvokerWrapper]   Encoding web name:  ; code page: ''
[2025-07-06 15:08:56Z INFO ProcessInvokerWrapper]   Force kill process on cancellation: 'True'
[2025-07-06 15:08:56Z INFO ProcessInvokerWrapper]   Redirected STDIN: 'False'
[2025-07-06 15:08:56Z INFO ProcessInvokerWrapper]   Persist current code page: 'False'
[2025-07-06 15:08:56Z INFO ProcessInvokerWrapper]   Keep redirected STDIN open: 'False'
[2025-07-06 15:08:56Z INFO ProcessInvokerWrapper]   High priority process: 'True'
[2025-07-06 15:08:56Z INFO ProcessInvokerWrapper] Process started with process id 56466, waiting for process exit.
[2025-07-06 15:08:56Z INFO JobDispatcher] Send job request message to worker for job 64f77ea5-423b-5b98-917f-8a80f81531af.
[2025-07-06 15:08:56Z INFO ProcessChannel] Sending message of length 18875, with hash 'ae7de01147679ff038a728fa0cc4ad5356efa56dc3df554caf6516df049a951c'
[2025-07-06 15:08:56Z INFO JobNotification] Entering JobStarted Notification
[2025-07-06 15:08:56Z INFO JobNotification] Entering StartMonitor
[2025-07-06 15:09:08Z INFO ProcessInvokerWrapper] STDOUT/STDERR stream read finished.
[2025-07-06 15:09:08Z INFO ProcessInvokerWrapper] STDOUT/STDERR stream read finished.
[2025-07-06 15:09:08Z INFO ProcessInvokerWrapper] Finished process 56466 with exit code 100, and elapsed time 00:00:12.4517142.
[2025-07-06 15:09:08Z INFO JobDispatcher] Worker finished for job 64f77ea5-423b-5b98-917f-8a80f81531af. Code: 100
[2025-07-06 15:09:08Z INFO JobDispatcher] finish job request for job 64f77ea5-423b-5b98-917f-8a80f81531af with result: Succeeded
[2025-07-06 15:09:08Z INFO Terminal] WRITE LINE: 2025-07-06 15:09:08Z: Job deploy completed with result: Succeeded
[2025-07-06 15:09:08Z INFO JobDispatcher] Stop renew job request for job 64f77ea5-423b-5b98-917f-8a80f81531af.
[2025-07-06 15:09:08Z INFO JobDispatcher] job renew has been cancelled, stop renew job 64f77ea5-423b-5b98-917f-8a80f81531af.
[2025-07-06 15:09:08Z INFO JobNotification] Entering JobCompleted Notification
[2025-07-06 15:09:08Z INFO JobNotification] Entering EndMonitor
[2025-07-06 15:09:08Z INFO BrokerMessageListener] Received job status event. JobState: Online
[2025-07-06 15:09:08Z WARN GitHubActionsService] GET request to https://broker.actions.githubusercontent.com/message?sessionId=7e014def-bdf7-4220-80ee-849365f1a016&status=Busy&runnerVersion=2.325.0&os=macOS&architecture=ARM64&disableUpdate=false has been cancelled.
[2025-07-06 15:09:08Z ERR  BrokerServer] Catch exception during request
[2025-07-06 15:09:08Z ERR  BrokerServer] System.Threading.Tasks.TaskCanceledException: The operation was canceled.
 ---> System.Threading.Tasks.TaskCanceledException: The operation was canceled.
 ---> System.IO.IOException: Unable to read data from the transport connection: Operation canceled.
 ---> System.Net.Sockets.SocketException (89): Operation canceled
   --- End of inner exception stack trace ---
   at System.Net.Sockets.Socket.AwaitableSocketAsyncEventArgs.ThrowException(SocketError error, CancellationToken cancellationToken)
   at System.Net.Sockets.Socket.AwaitableSocketAsyncEventArgs.System.Threading.Tasks.Sources.IValueTaskSource<System.Int32>.GetResult(Int16 token)
   at System.Net.Security.SslStream.EnsureFullTlsFrameAsync[TIOAdapter](CancellationToken cancellationToken, Int32 estimatedSize)
   at System.Runtime.CompilerServices.PoolingAsyncValueTaskMethodBuilder`1.StateMachineBox`1.System.Threading.Tasks.Sources.IValueTaskSource<TResult>.GetResult(Int16 token)
   at System.Net.Security.SslStream.ReadAsyncInternal[TIOAdapter](Memory`1 buffer, CancellationToken cancellationToken)
   at System.Runtime.CompilerServices.PoolingAsyncValueTaskMethodBuilder`1.StateMachineBox`1.System.Threading.Tasks.Sources.IValueTaskSource<TResult>.GetResult(Int16 token)
   at System.Net.Http.HttpConnection.SendAsync(HttpRequestMessage request, Boolean async, CancellationToken cancellationToken)
   --- End of inner exception stack trace ---
   at System.Net.Http.HttpConnection.SendAsync(HttpRequestMessage request, Boolean async, CancellationToken cancellationToken)
   at System.Net.Http.AuthenticationHelper.SendWithNtAuthAsync(HttpRequestMessage request, Uri authUri, Boolean async, ICredentials credentials, Boolean isProxyAuth, HttpConnection connection, HttpConnectionPool connectionPool, CancellationToken cancellationToken)
   at System.Net.Http.HttpConnectionPool.SendWithVersionDetectionAndRetryAsync(HttpRequestMessage request, Boolean async, Boolean doRequestAuth, CancellationToken cancellationToken)
   at System.Net.Http.AuthenticationHelper.SendWithAuthAsync(HttpRequestMessage request, Uri authUri, Boolean async, ICredentials credentials, Boolean preAuthenticate, Boolean isProxyAuth, Boolean doRequestAuth, HttpConnectionPool pool, CancellationToken cancellationToken)
   at System.Net.Http.RedirectHandler.SendAsync(HttpRequestMessage request, Boolean async, CancellationToken cancellationToken)
   at GitHub.Services.Common.RawHttpMessageHandler.SendAsync(HttpRequestMessage request, CancellationToken cancellationToken)
   at GitHub.Services.Common.VssHttpRetryMessageHandler.SendAsync(HttpRequestMessage request, CancellationToken cancellationToken)
   at System.Net.Http.HttpClient.<SendAsync>g__Core|83_0(HttpRequestMessage request, HttpCompletionOption completionOption, CancellationTokenSource cts, Boolean disposeCts, CancellationTokenSource pendingRequestsCts, CancellationToken originalCancellationToken)
   --- End of inner exception stack trace ---
   at System.Net.Http.HttpClient.HandleFailure(Exception e, Boolean telemetryStarted, HttpResponseMessage response, CancellationTokenSource cts, CancellationToken cancellationToken, CancellationTokenSource pendingRequestsCts)
   at System.Net.Http.HttpClient.<SendAsync>g__Core|83_0(HttpRequestMessage request, HttpCompletionOption completionOption, CancellationTokenSource cts, Boolean disposeCts, CancellationTokenSource pendingRequestsCts, CancellationToken originalCancellationToken)
   at Sdk.WebApi.WebApi.RawHttpClientBase.SendAsync(HttpRequestMessage message, HttpCompletionOption completionOption, Object userState, CancellationToken cancellationToken)
   at Sdk.WebApi.WebApi.RawHttpClientBase.SendAsync[T](HttpRequestMessage message, Boolean readErrorBody, Object userState, CancellationToken cancellationToken)
   at Sdk.WebApi.WebApi.RawHttpClientBase.SendAsync[T](HttpMethod method, IEnumerable`1 additionalHeaders, Uri requestUri, HttpContent content, IEnumerable`1 queryParameters, Boolean readErrorBody, Object userState, CancellationToken cancellationToken)
   at GitHub.Actions.RunService.WebApi.BrokerHttpClient.GetRunnerMessageAsync(Nullable`1 sessionId, String runnerVersion, Nullable`1 status, String os, String architecture, Nullable`1 disableUpdate, CancellationToken cancellationToken)
   at GitHub.Runner.Common.BrokerServer.<>c__DisplayClass7_0.<<GetRunnerMessageAsync>b__0>d.MoveNext()
--- End of stack trace from previous location ---
   at GitHub.Runner.Common.RunnerService.RetryRequest[T](Func`1 func, CancellationToken cancellationToken, Int32 maxRetryAttemptsCount, Func`2 shouldRetry)
[2025-07-06 15:09:08Z ERR  BrokerServer] #####################################################
[2025-07-06 15:09:08Z ERR  BrokerServer] System.Threading.Tasks.TaskCanceledException: The operation was canceled.
 ---> System.IO.IOException: Unable to read data from the transport connection: Operation canceled.
 ---> System.Net.Sockets.SocketException (89): Operation canceled
   --- End of inner exception stack trace ---
   at System.Net.Sockets.Socket.AwaitableSocketAsyncEventArgs.ThrowException(SocketError error, CancellationToken cancellationToken)
   at System.Net.Sockets.Socket.AwaitableSocketAsyncEventArgs.System.Threading.Tasks.Sources.IValueTaskSource<System.Int32>.GetResult(Int16 token)
   at System.Net.Security.SslStream.EnsureFullTlsFrameAsync[TIOAdapter](CancellationToken cancellationToken, Int32 estimatedSize)
   at System.Runtime.CompilerServices.PoolingAsyncValueTaskMethodBuilder`1.StateMachineBox`1.System.Threading.Tasks.Sources.IValueTaskSource<TResult>.GetResult(Int16 token)
   at System.Net.Security.SslStream.ReadAsyncInternal[TIOAdapter](Memory`1 buffer, CancellationToken cancellationToken)
   at System.Runtime.CompilerServices.PoolingAsyncValueTaskMethodBuilder`1.StateMachineBox`1.System.Threading.Tasks.Sources.IValueTaskSource<TResult>.GetResult(Int16 token)
   at System.Net.Http.HttpConnection.SendAsync(HttpRequestMessage request, Boolean async, CancellationToken cancellationToken)
   --- End of inner exception stack trace ---
   at System.Net.Http.HttpConnection.SendAsync(HttpRequestMessage request, Boolean async, CancellationToken cancellationToken)
   at System.Net.Http.AuthenticationHelper.SendWithNtAuthAsync(HttpRequestMessage request, Uri authUri, Boolean async, ICredentials credentials, Boolean isProxyAuth, HttpConnection connection, HttpConnectionPool connectionPool, CancellationToken cancellationToken)
   at System.Net.Http.HttpConnectionPool.SendWithVersionDetectionAndRetryAsync(HttpRequestMessage request, Boolean async, Boolean doRequestAuth, CancellationToken cancellationToken)
   at System.Net.Http.AuthenticationHelper.SendWithAuthAsync(HttpRequestMessage request, Uri authUri, Boolean async, ICredentials credentials, Boolean preAuthenticate, Boolean isProxyAuth, Boolean doRequestAuth, HttpConnectionPool pool, CancellationToken cancellationToken)
   at System.Net.Http.RedirectHandler.SendAsync(HttpRequestMessage request, Boolean async, CancellationToken cancellationToken)
   at GitHub.Services.Common.RawHttpMessageHandler.SendAsync(HttpRequestMessage request, CancellationToken cancellationToken)
   at GitHub.Services.Common.VssHttpRetryMessageHandler.SendAsync(HttpRequestMessage request, CancellationToken cancellationToken)
   at System.Net.Http.HttpClient.<SendAsync>g__Core|83_0(HttpRequestMessage request, HttpCompletionOption completionOption, CancellationTokenSource cts, Boolean disposeCts, CancellationTokenSource pendingRequestsCts, CancellationToken originalCancellationToken)
[2025-07-06 15:09:08Z ERR  BrokerServer] #####################################################
[2025-07-06 15:09:08Z ERR  BrokerServer] System.IO.IOException: Unable to read data from the transport connection: Operation canceled.
 ---> System.Net.Sockets.SocketException (89): Operation canceled
   --- End of inner exception stack trace ---
   at System.Net.Sockets.Socket.AwaitableSocketAsyncEventArgs.ThrowException(SocketError error, CancellationToken cancellationToken)
   at System.Net.Sockets.Socket.AwaitableSocketAsyncEventArgs.System.Threading.Tasks.Sources.IValueTaskSource<System.Int32>.GetResult(Int16 token)
   at System.Net.Security.SslStream.EnsureFullTlsFrameAsync[TIOAdapter](CancellationToken cancellationToken, Int32 estimatedSize)
   at System.Runtime.CompilerServices.PoolingAsyncValueTaskMethodBuilder`1.StateMachineBox`1.System.Threading.Tasks.Sources.IValueTaskSource<TResult>.GetResult(Int16 token)
   at System.Net.Security.SslStream.ReadAsyncInternal[TIOAdapter](Memory`1 buffer, CancellationToken cancellationToken)
   at System.Runtime.CompilerServices.PoolingAsyncValueTaskMethodBuilder`1.StateMachineBox`1.System.Threading.Tasks.Sources.IValueTaskSource<TResult>.GetResult(Int16 token)
   at System.Net.Http.HttpConnection.SendAsync(HttpRequestMessage request, Boolean async, CancellationToken cancellationToken)
[2025-07-06 15:09:08Z ERR  BrokerServer] #####################################################
[2025-07-06 15:09:08Z ERR  BrokerServer] System.Net.Sockets.SocketException (89): Operation canceled
[2025-07-06 15:09:08Z WARN BrokerServer] Back off 13.162 seconds before next retry. 4 attempt left.
[2025-07-06 15:09:08Z INFO BrokerMessageListener] Get messages has been cancelled using local token source. Continue to get messages with new status.
[2025-07-06 15:24:58Z INFO Terminal] WRITE LINE: Exiting...
[2025-07-06 15:24:58Z INFO ConfigurationStore] IsServiceConfigured()
[2025-07-06 15:24:58Z INFO ConfigurationStore] IsServiceConfigured: False
[2025-07-06 15:24:58Z INFO HostContext] Runner will be shutdown for UserCancelled
[2025-07-06 15:24:59Z WARN GitHubActionsService] GET request to https://broker.actions.githubusercontent.com/message?sessionId=7e014def-bdf7-4220-80ee-849365f1a016&status=Online&runnerVersion=2.325.0&os=macOS&architecture=ARM64&disableUpdate=false has been cancelled.
[2025-07-06 15:24:59Z ERR  BrokerServer] Catch exception during request
[2025-07-06 15:24:59Z ERR  BrokerServer] System.Threading.Tasks.TaskCanceledException: The operation was canceled.
 ---> System.Threading.Tasks.TaskCanceledException: The operation was canceled.
 ---> System.IO.IOException: The read operation failed, see inner exception.
 ---> System.ObjectDisposedException: Cannot access a disposed object.
Object name: 'System.Net.Sockets.NetworkStream'.
   at System.Net.Sockets.NetworkStream.ReadAsync(Memory`1 buffer, CancellationToken cancellationToken)
   at System.Net.Security.SslStream.EnsureFullTlsFrameAsync[TIOAdapter](CancellationToken cancellationToken, Int32 estimatedSize)
   at System.Runtime.CompilerServices.PoolingAsyncValueTaskMethodBuilder`1.StateMachineBox`1.System.Threading.Tasks.Sources.IValueTaskSource<TResult>.GetResult(Int16 token)
   at System.Net.Security.SslStream.ReadAsyncInternal[TIOAdapter](Memory`1 buffer, CancellationToken cancellationToken)
   --- End of inner exception stack trace ---
   at System.Net.Security.SslStream.ReadAsyncInternal[TIOAdapter](Memory`1 buffer, CancellationToken cancellationToken)
   at System.Runtime.CompilerServices.PoolingAsyncValueTaskMethodBuilder`1.StateMachineBox`1.System.Threading.Tasks.Sources.IValueTaskSource<TResult>.GetResult(Int16 token)
   at System.Net.Http.HttpConnection.SendAsync(HttpRequestMessage request, Boolean async, CancellationToken cancellationToken)
   --- End of inner exception stack trace ---
   at System.Net.Http.HttpConnection.SendAsync(HttpRequestMessage request, Boolean async, CancellationToken cancellationToken)
   at System.Net.Http.AuthenticationHelper.SendWithNtAuthAsync(HttpRequestMessage request, Uri authUri, Boolean async, ICredentials credentials, Boolean isProxyAuth, HttpConnection connection, HttpConnectionPool connectionPool, CancellationToken cancellationToken)
   at System.Net.Http.HttpConnectionPool.SendWithVersionDetectionAndRetryAsync(HttpRequestMessage request, Boolean async, Boolean doRequestAuth, CancellationToken cancellationToken)
   at System.Net.Http.AuthenticationHelper.SendWithAuthAsync(HttpRequestMessage request, Uri authUri, Boolean async, ICredentials credentials, Boolean preAuthenticate, Boolean isProxyAuth, Boolean doRequestAuth, HttpConnectionPool pool, CancellationToken cancellationToken)
   at System.Net.Http.RedirectHandler.SendAsync(HttpRequestMessage request, Boolean async, CancellationToken cancellationToken)
   at GitHub.Services.Common.RawHttpMessageHandler.SendAsync(HttpRequestMessage request, CancellationToken cancellationToken)
   at GitHub.Services.Common.VssHttpRetryMessageHandler.SendAsync(HttpRequestMessage request, CancellationToken cancellationToken)
   at System.Net.Http.HttpClient.<SendAsync>g__Core|83_0(HttpRequestMessage request, HttpCompletionOption completionOption, CancellationTokenSource cts, Boolean disposeCts, CancellationTokenSource pendingRequestsCts, CancellationToken originalCancellationToken)
   --- End of inner exception stack trace ---
   at System.Net.Http.HttpClient.HandleFailure(Exception e, Boolean telemetryStarted, HttpResponseMessage response, CancellationTokenSource cts, CancellationToken cancellationToken, CancellationTokenSource pendingRequestsCts)
   at System.Net.Http.HttpClient.<SendAsync>g__Core|83_0(HttpRequestMessage request, HttpCompletionOption completionOption, CancellationTokenSource cts, Boolean disposeCts, CancellationTokenSource pendingRequestsCts, CancellationToken originalCancellationToken)
   at Sdk.WebApi.WebApi.RawHttpClientBase.SendAsync(HttpRequestMessage message, HttpCompletionOption completionOption, Object userState, CancellationToken cancellationToken)
   at Sdk.WebApi.WebApi.RawHttpClientBase.SendAsync[T](HttpRequestMessage message, Boolean readErrorBody, Object userState, CancellationToken cancellationToken)
   at Sdk.WebApi.WebApi.RawHttpClientBase.SendAsync[T](HttpMethod method, IEnumerable`1 additionalHeaders, Uri requestUri, HttpContent content, IEnumerable`1 queryParameters, Boolean readErrorBody, Object userState, CancellationToken cancellationToken)
   at GitHub.Actions.RunService.WebApi.BrokerHttpClient.GetRunnerMessageAsync(Nullable`1 sessionId, String runnerVersion, Nullable`1 status, String os, String architecture, Nullable`1 disableUpdate, CancellationToken cancellationToken)
   at GitHub.Runner.Common.BrokerServer.<>c__DisplayClass7_0.<<GetRunnerMessageAsync>b__0>d.MoveNext()
--- End of stack trace from previous location ---
   at GitHub.Runner.Common.RunnerService.RetryRequest[T](Func`1 func, CancellationToken cancellationToken, Int32 maxRetryAttemptsCount, Func`2 shouldRetry)
[2025-07-06 15:24:59Z ERR  BrokerServer] #####################################################
[2025-07-06 15:24:59Z ERR  BrokerServer] System.Threading.Tasks.TaskCanceledException: The operation was canceled.
 ---> System.IO.IOException: The read operation failed, see inner exception.
 ---> System.ObjectDisposedException: Cannot access a disposed object.
Object name: 'System.Net.Sockets.NetworkStream'.
   at System.Net.Sockets.NetworkStream.ReadAsync(Memory`1 buffer, CancellationToken cancellationToken)
   at System.Net.Security.SslStream.EnsureFullTlsFrameAsync[TIOAdapter](CancellationToken cancellationToken, Int32 estimatedSize)
   at System.Runtime.CompilerServices.PoolingAsyncValueTaskMethodBuilder`1.StateMachineBox`1.System.Threading.Tasks.Sources.IValueTaskSource<TResult>.GetResult(Int16 token)
   at System.Net.Security.SslStream.ReadAsyncInternal[TIOAdapter](Memory`1 buffer, CancellationToken cancellationToken)
   --- End of inner exception stack trace ---
   at System.Net.Security.SslStream.ReadAsyncInternal[TIOAdapter](Memory`1 buffer, CancellationToken cancellationToken)
   at System.Runtime.CompilerServices.PoolingAsyncValueTaskMethodBuilder`1.StateMachineBox`1.System.Threading.Tasks.Sources.IValueTaskSource<TResult>.GetResult(Int16 token)
   at System.Net.Http.HttpConnection.SendAsync(HttpRequestMessage request, Boolean async, CancellationToken cancellationToken)
   --- End of inner exception stack trace ---
   at System.Net.Http.HttpConnection.SendAsync(HttpRequestMessage request, Boolean async, CancellationToken cancellationToken)
   at System.Net.Http.AuthenticationHelper.SendWithNtAuthAsync(HttpRequestMessage request, Uri authUri, Boolean async, ICredentials credentials, Boolean isProxyAuth, HttpConnection connection, HttpConnectionPool connectionPool, CancellationToken cancellationToken)
   at System.Net.Http.HttpConnectionPool.SendWithVersionDetectionAndRetryAsync(HttpRequestMessage request, Boolean async, Boolean doRequestAuth, CancellationToken cancellationToken)
   at System.Net.Http.AuthenticationHelper.SendWithAuthAsync(HttpRequestMessage request, Uri authUri, Boolean async, ICredentials credentials, Boolean preAuthenticate, Boolean isProxyAuth, Boolean doRequestAuth, HttpConnectionPool pool, CancellationToken cancellationToken)
   at System.Net.Http.RedirectHandler.SendAsync(HttpRequestMessage request, Boolean async, CancellationToken cancellationToken)
   at GitHub.Services.Common.RawHttpMessageHandler.SendAsync(HttpRequestMessage request, CancellationToken cancellationToken)
   at GitHub.Services.Common.VssHttpRetryMessageHandler.SendAsync(HttpRequestMessage request, CancellationToken cancellationToken)
   at System.Net.Http.HttpClient.<SendAsync>g__Core|83_0(HttpRequestMessage request, HttpCompletionOption completionOption, CancellationTokenSource cts, Boolean disposeCts, CancellationTokenSource pendingRequestsCts, CancellationToken originalCancellationToken)
[2025-07-06 15:24:59Z ERR  BrokerServer] #####################################################
[2025-07-06 15:24:59Z ERR  BrokerServer] System.IO.IOException: The read operation failed, see inner exception.
 ---> System.ObjectDisposedException: Cannot access a disposed object.
Object name: 'System.Net.Sockets.NetworkStream'.
   at System.Net.Sockets.NetworkStream.ReadAsync(Memory`1 buffer, CancellationToken cancellationToken)
   at System.Net.Security.SslStream.EnsureFullTlsFrameAsync[TIOAdapter](CancellationToken cancellationToken, Int32 estimatedSize)
   at System.Runtime.CompilerServices.PoolingAsyncValueTaskMethodBuilder`1.StateMachineBox`1.System.Threading.Tasks.Sources.IValueTaskSource<TResult>.GetResult(Int16 token)
   at System.Net.Security.SslStream.ReadAsyncInternal[TIOAdapter](Memory`1 buffer, CancellationToken cancellationToken)
   --- End of inner exception stack trace ---
   at System.Net.Security.SslStream.ReadAsyncInternal[TIOAdapter](Memory`1 buffer, CancellationToken cancellationToken)
   at System.Runtime.CompilerServices.PoolingAsyncValueTaskMethodBuilder`1.StateMachineBox`1.System.Threading.Tasks.Sources.IValueTaskSource<TResult>.GetResult(Int16 token)
   at System.Net.Http.HttpConnection.SendAsync(HttpRequestMessage request, Boolean async, CancellationToken cancellationToken)
[2025-07-06 15:24:59Z ERR  BrokerServer] #####################################################
[2025-07-06 15:24:59Z ERR  BrokerServer] System.ObjectDisposedException: Cannot access a disposed object.
Object name: 'System.Net.Sockets.NetworkStream'.
   at System.Net.Sockets.NetworkStream.ReadAsync(Memory`1 buffer, CancellationToken cancellationToken)
   at System.Net.Security.SslStream.EnsureFullTlsFrameAsync[TIOAdapter](CancellationToken cancellationToken, Int32 estimatedSize)
   at System.Runtime.CompilerServices.PoolingAsyncValueTaskMethodBuilder`1.StateMachineBox`1.System.Threading.Tasks.Sources.IValueTaskSource<TResult>.GetResult(Int16 token)
   at System.Net.Security.SslStream.ReadAsyncInternal[TIOAdapter](Memory`1 buffer, CancellationToken cancellationToken)
[2025-07-06 15:24:59Z WARN BrokerServer] Back off 7.441 seconds before next retry. 4 attempt left.
[2025-07-06 15:24:59Z INFO BrokerMessageListener] Get next message has been cancelled.
[2025-07-06 15:24:59Z INFO JobDispatcher] Shutting down JobDispatcher. Make sure all WorkerDispatcher has finished.
[2025-07-06 15:24:59Z INFO JobDispatcher] Ensure WorkerDispatcher for job 64f77ea5-423b-5b98-917f-8a80f81531af run to finish, cancel any running job.
[2025-07-06 15:24:59Z INFO JobDispatcher] Job request 64f77ea5-423b-5b98-917f-8a80f81531af processed succeed.
[2025-07-06 15:24:59Z INFO Runner] Deleting Runner Session...
[2025-07-06 15:24:59Z INFO Listener] Runner execution been cancelled.
